Tools/tools/build/intermediates/manifest_merge_blame_file/debug/manifest-merger-blame-debug-report.txt
1<?xml version="1.0" encoding="utf-8"?>
2<manifest xmlns:android="http://schemas.android.com/apk/res/android"
3    package="com.dunn.instrument.tools"
4    android:versionCode="3"
5    android:versionName="1.0.0" >
6
7    <uses-sdk
8        android:minSdkVersion="17"
8-->src\main\AndroidManifest.xml
9        android:targetSdkVersion="22" />
9-->src\main\AndroidManifest.xml
10
11    <uses-permission android:name="android.permission.ACCESS_NETWORK_STATE" />
11-->src\main\AndroidManifest.xml:4:5-79
11-->src\main\AndroidManifest.xml:4:22-76
12    <uses-permission android:name="android.permission.PACKAGE_USAGE_STATS" />
12-->src\main\AndroidManifest.xml:5:5-78
12-->src\main\AndroidManifest.xml:5:22-75
13
14    <application>
14-->src\main\AndroidManifest.xml:7:5-11:19
15        <meta-data
15-->src\main\AndroidManifest.xml:8:9-10:36
16            android:name="com.dunn.instrument.tools.get"
16-->src\main\AndroidManifest.xml:9:13-57
17            android:value="true" />
17-->src\main\AndroidManifest.xml:10:13-33
18    </application>
19
20</manifest>